<?xml version="1.0" encoding="UTF-8"?>
<testng-results skipped="0" failed="1" total="2" passed="1">
  <reporter-output>
  </reporter-output>
  <suite name="Default suite" duration-ms="107142" started-at="2017-05-03T08:54:43Z" finished-at="2017-05-03T08:56:30Z">
    <groups>
    </groups>
    <test name="Default test" duration-ms="107142" started-at="2017-05-03T08:54:43Z" finished-at="2017-05-03T08:56:30Z">
      <class name="testng.TestMethod1">
        <test-method status="PASS" signature="beforeMethod()[pri:0, instance:testng.TestMethod1@5f150435]" name="beforeMethod" is-config="true" duration-ms="11087" started-at="2017-05-03T16:54:43Z" finished-at="2017-05-03T16:54:54Z">
          <reporter-output>
          </reporter-output>
        </test-method> <!-- beforeMethod -->
        <test-method status="PASS" signature="f()[pri:0, instance:testng.TestMethod1@5f150435]" name="f" duration-ms="80587" started-at="2017-05-03T16:54:54Z" finished-at="2017-05-03T16:56:15Z">
          <reporter-output>
          </reporter-output>
        </test-method> <!-- f -->
        <test-method status="PASS" signature="afterMethod()[pri:0, instance:testng.TestMethod1@5f150435]" name="afterMethod" is-config="true" duration-ms="118" started-at="2017-05-03T16:56:15Z" finished-at="2017-05-03T16:56:15Z">
          <reporter-output>
          </reporter-output>
        </test-method> <!-- afterMethod -->
        <test-method status="PASS" signature="beforeMethod()[pri:0, instance:testng.TestMethod1@5f150435]" name="beforeMethod" is-config="true" duration-ms="15194" started-at="2017-05-03T16:56:15Z" finished-at="2017-05-03T16:56:30Z">
          <reporter-output>
          </reporter-output>
        </test-method> <!-- beforeMethod -->
        <test-method status="FAIL" signature="f1()[pri:0, instance:testng.TestMethod1@5f150435]" name="f1" duration-ms="9" started-at="2017-05-03T16:56:30Z" finished-at="2017-05-03T16:56:30Z">
          <exception class="java.lang.NullPointerException">
            <full-stacktrace>
              <![CDATA[java.lang.NullPointerException
	at utils.DataReadXML.dataReadXML(DataReadXML.java:31)
	at testng.TestMethod1.f1(TestMethod1.java:27)
	at sun.reflect.NativeMethodAccessorImpl.invoke0(Native Method)
	at sun.reflect.NativeMethodAccessorImpl.invoke(NativeMethodAccessorImpl.java:62)
	at sun.reflect.DelegatingMethodAccessorImpl.invoke(DelegatingMethodAccessorImpl.java:43)
	at java.lang.reflect.Method.invoke(Method.java:498)
	at org.testng.internal.MethodInvocationHelper.invokeMethod(MethodInvocationHelper.java:84)
	at org.testng.internal.Invoker.invokeMethod(Invoker.java:714)
	at org.testng.internal.Invoker.invokeTestMethod(Invoker.java:901)
	at org.testng.internal.Invoker.invokeTestMethods(Invoker.java:1231)
	at org.testng.internal.TestMethodWorker.invokeTestMethods(TestMethodWorker.java:127)
	at org.testng.internal.TestMethodWorker.run(TestMethodWorker.java:111)
	at org.testng.TestRunner.privateRun(TestRunner.java:767)
	at org.testng.TestRunner.run(TestRunner.java:617)
	at org.testng.SuiteRunner.runTest(SuiteRunner.java:335)
	at org.testng.SuiteRunner.runSequentially(SuiteRunner.java:330)
	at org.testng.SuiteRunner.privateRun(SuiteRunner.java:291)
	at org.testng.SuiteRunner.run(SuiteRunner.java:240)
	at org.testng.SuiteRunnerWorker.runSuite(SuiteRunnerWorker.java:52)
	at org.testng.SuiteRunnerWorker.run(SuiteRunnerWorker.java:86)
	at org.testng.TestNG.runSuitesSequentially(TestNG.java:1224)
	at org.testng.TestNG.runSuitesLocally(TestNG.java:1149)
	at org.testng.TestNG.run(TestNG.java:1057)
	at org.testng.remote.RemoteTestNG.run(RemoteTestNG.java:111)
	at org.testng.remote.RemoteTestNG.initAndRun(RemoteTestNG.java:204)
	at org.testng.remote.RemoteTestNG.main(RemoteTestNG.java:175)
]]>
            </full-stacktrace>
          </exception> <!-- java.lang.NullPointerException -->
          <reporter-output>
          </reporter-output>
        </test-method> <!-- f1 -->
        <test-method status="PASS" signature="afterMethod()[pri:0, instance:testng.TestMethod1@5f150435]" name="afterMethod" is-config="true" duration-ms="119" started-at="2017-05-03T16:56:30Z" finished-at="2017-05-03T16:56:30Z">
          <reporter-output>
          </reporter-output>
        </test-method> <!-- afterMethod -->
      </class> <!-- testng.TestMethod1 -->
    </test> <!-- Default test -->
  </suite> <!-- Default suite -->
</testng-results>
